<?xml version="1.0" encoding="UTF-8"?>
<testng-results skipped="3" failed="0" total="3" passed="0">
  <reporter-output>
  </reporter-output>
  <suite name="freeCRMTest" duration-ms="73830" started-at="2019-11-22T16:58:49Z" finished-at="2019-11-22T17:00:03Z">
    <groups>
    </groups>
    <test name="testngTest" duration-ms="73830" started-at="2019-11-22T16:58:49Z" finished-at="2019-11-22T17:00:03Z">
      <class name="com.crm.qa.testcases.LoginPageTest">
        <test-method status="FAIL" signature="setUP()[pri:0, instance:com.crm.qa.testcases.LoginPageTest@6debcae2]" name="setUP" is-config="true" duration-ms="0" started-at="2019-11-22T22:28:49Z" finished-at="2019-11-22T22:28:49Z">
          <exception class="org.openqa.selenium.TimeoutException">
            <message>
              <![CDATA[timeout
  (Session info: chrome=78.0.3904.108)
Build info: version: '4.0.0-alpha-1', revision: 'd1d3728cae', time: '2019-04-24T13:42:21'
System info: host: 'SUMIT-HP', ip: '192.168.19.9', os.name: 'Windows 10', os.arch: 'amd64', os.version: '10.0', java.version: '1.8.0_202'
Driver info: org.openqa.selenium.chrome.ChromeDriver
Capabilities {acceptInsecureCerts: false, browserName: chrome, browserVersion: 78.0.3904.108, chrome: {chromedriverVersion: 78.0.3904.70 (edb9c9f3de024..., userDataDir: C:\Users\SUMIT\AppData\Loca...}, goog:chromeOptions: {debuggerAddress: localhost:50227}, javascriptEnabled: true, networkConnectionEnabled: false, pageLoadStrategy: normal, platform: XP, platformName: XP, proxy: Proxy(), setWindowRect: true, strictFileInteractability: false, timeouts: {implicit: 0, pageLoad: 300000, script: 30000}, unhandledPromptBehavior: dismiss and notify}
Session ID: f110461aaac701c0355836e29a4e0051]]>
            </message>
            <full-stacktrace>
              <![CDATA[org.openqa.selenium.TimeoutException: timeout
  (Session info: chrome=78.0.3904.108)
Build info: version: '4.0.0-alpha-1', revision: 'd1d3728cae', time: '2019-04-24T13:42:21'
System info: host: 'SUMIT-HP', ip: '192.168.19.9', os.name: 'Windows 10', os.arch: 'amd64', os.version: '10.0', java.version: '1.8.0_202'
Driver info: org.openqa.selenium.chrome.ChromeDriver
Capabilities {acceptInsecureCerts: false, browserName: chrome, browserVersion: 78.0.3904.108, chrome: {chromedriverVersion: 78.0.3904.70 (edb9c9f3de024..., userDataDir: C:\Users\SUMIT\AppData\Loca...}, goog:chromeOptions: {debuggerAddress: localhost:50227}, javascriptEnabled: true, networkConnectionEnabled: false, pageLoadStrategy: normal, platform: XP, platformName: XP, proxy: Proxy(), setWindowRect: true, strictFileInteractability: false, timeouts: {implicit: 0, pageLoad: 300000, script: 30000}, unhandledPromptBehavior: dismiss and notify}
Session ID: f110461aaac701c0355836e29a4e0051
	at sun.reflect.NativeConstructorAccessorImpl.newInstance0(Native Method)
	at sun.reflect.NativeConstructorAccessorImpl.newInstance(NativeConstructorAccessorImpl.java:62)
	at sun.reflect.DelegatingConstructorAccessorImpl.newInstance(DelegatingConstructorAccessorImpl.java:45)
	at java.lang.reflect.Constructor.newInstance(Constructor.java:423)
	at org.openqa.selenium.remote.codec.w3c.W3CHttpResponseCodec.createException(W3CHttpResponseCodec.java:190)
	at org.openqa.selenium.remote.codec.w3c.W3CHttpResponseCodec.decode(W3CHttpResponseCodec.java:124)
	at org.openqa.selenium.remote.codec.w3c.W3CHttpResponseCodec.decode(W3CHttpResponseCodec.java:51)
	at org.openqa.selenium.remote.HttpCommandExecutor.execute(HttpCommandExecutor.java:161)
	at org.openqa.selenium.remote.service.DriverCommandExecutor.execute(DriverCommandExecutor.java:83)
	at org.openqa.selenium.remote.RemoteWebDriver.execute(RemoteWebDriver.java:577)
	at org.openqa.selenium.remote.RemoteWebDriver.get(RemoteWebDriver.java:277)
	at com.crm.qa.base.TestBase.initialization(TestBase.java:59)
	at com.crm.qa.testcases.LoginPageTest.setUP(LoginPageTest.java:31)
	at sun.reflect.NativeMethodAccessorImpl.invoke0(Native Method)
	at sun.reflect.NativeMethodAccessorImpl.invoke(NativeMethodAccessorImpl.java:62)
	at sun.reflect.DelegatingMethodAccessorImpl.invoke(DelegatingMethodAccessorImpl.java:43)
	at java.lang.reflect.Method.invoke(Method.java:498)
	at org.testng.internal.MethodInvocationHelper.invokeMethod(MethodInvocationHelper.java:86)
	at org.testng.internal.Invoker.invokeConfigurationMethod(Invoker.java:514)
	at org.testng.internal.Invoker.invokeConfigurations(Invoker.java:215)
	at org.testng.internal.Invoker.invokeMethod(Invoker.java:589)
	at org.testng.internal.Invoker.invokeTestMethod(Invoker.java:822)
	at org.testng.internal.Invoker.invokeTestMethods(Invoker.java:1130)
	at org.testng.internal.TestMethodWorker.invokeTestMethods(TestMethodWorker.java:129)
	at org.testng.internal.TestMethodWorker.run(TestMethodWorker.java:112)
	at org.testng.TestRunner.privateRun(TestRunner.java:782)
	at org.testng.TestRunner.run(TestRunner.java:632)
	at org.testng.SuiteRunner.runTest(SuiteRunner.java:366)
	at org.testng.SuiteRunner.runSequentially(SuiteRunner.java:361)
	at org.testng.SuiteRunner.privateRun(SuiteRunner.java:319)
	at org.testng.SuiteRunner.run(SuiteRunner.java:268)
	at org.testng.SuiteRunnerWorker.runSuite(SuiteRunnerWorker.java:52)
	at org.testng.SuiteRunnerWorker.run(SuiteRunnerWorker.java:86)
	at org.testng.TestNG.runSuitesSequentially(TestNG.java:1244)
	at org.testng.TestNG.runSuitesLocally(TestNG.java:1169)
	at org.testng.TestNG.run(TestNG.java:1064)
	at org.testng.remote.RemoteTestNG.run(RemoteTestNG.java:113)
	at org.testng.remote.RemoteTestNG.initAndRun(RemoteTestNG.java:206)
	at org.testng.remote.RemoteTestNG.main(RemoteTestNG.java:177)
]]>
            </full-stacktrace>
          </exception> <!-- org.openqa.selenium.TimeoutException -->
          <reporter-output>
          </reporter-output>
        </test-method> <!-- setUP -->
        <test-method status="SKIP" signature="loginPagetitleTest()[pri:1, instance:com.crm.qa.testcases.LoginPageTest@6debcae2]" name="loginPagetitleTest" duration-ms="1" started-at="2019-11-22T22:30:03Z" finished-at="2019-11-22T22:30:03Z">
          <reporter-output>
          </reporter-output>
        </test-method> <!-- loginPagetitleTest -->
        <test-method status="SKIP" signature="crmLogoTest()[pri:2, instance:com.crm.qa.testcases.LoginPageTest@6debcae2]" name="crmLogoTest" duration-ms="1" started-at="2019-11-22T22:30:03Z" finished-at="2019-11-22T22:30:03Z">
          <reporter-output>
          </reporter-output>
        </test-method> <!-- crmLogoTest -->
        <test-method status="SKIP" signature="setUP()[pri:0, instance:com.crm.qa.testcases.LoginPageTest@6debcae2]" name="setUP" is-config="true" duration-ms="0" started-at="2019-11-22T22:30:03Z" finished-at="2019-11-22T22:30:03Z">
          <reporter-output>
          </reporter-output>
        </test-method> <!-- setUP -->
        <test-method status="SKIP" signature="setUP()[pri:0, instance:com.crm.qa.testcases.LoginPageTest@6debcae2]" name="setUP" is-config="true" duration-ms="0" started-at="2019-11-22T22:30:03Z" finished-at="2019-11-22T22:30:03Z">
          <reporter-output>
          </reporter-output>
        </test-method> <!-- setUP -->
        <test-method status="SKIP" signature="loginTest()[pri:3, instance:com.crm.qa.testcases.LoginPageTest@6debcae2]" name="loginTest" duration-ms="1" started-at="2019-11-22T22:30:03Z" finished-at="2019-11-22T22:30:03Z">
          <reporter-output>
          </reporter-output>
        </test-method> <!-- loginTest -->
        <test-method status="SKIP" signature="tearDown()[pri:0, instance:com.crm.qa.testcases.LoginPageTest@6debcae2]" name="tearDown" is-config="true" duration-ms="0" started-at="2019-11-22T22:30:03Z" finished-at="2019-11-22T22:30:03Z">
          <reporter-output>
          </reporter-output>
        </test-method> <!-- tearDown -->
      </class> <!-- com.crm.qa.testcases.LoginPageTest -->
    </test> <!-- testngTest -->
  </suite> <!-- freeCRMTest -->
</testng-results>
